<?xml version="1.0" encoding="UTF-8"?>
<!-- Generated by org.testng.reporters.JUnitReportReporter -->
<testsuite skipped="0" hostname="DESKTOP-2VJ4R1V" name="com.Test_Driven_Devlopment.Grouping_Concept" tests="4" failures="0" timestamp="2021-11-27T17:47:19 IST" time="0.063" errors="0">
  <testcase name="men" time="0.000" classname="com.Test_Driven_Devlopment.Grouping_Concept"/>
  <system-out/>
  <testcase name="whatsapp" time="0.016" classname="com.Test_Driven_Devlopment.Grouping_Concept"/>
  <system-out/>
  <testcase name="women" time="0.000" classname="com.Test_Driven_Devlopment.Grouping_Concept"/>
  <system-out/>
  <testcase name="facebook" time="0.047" classname="com.Test_Driven_Devlopment.Grouping_Concept"/>
  <system-out/>
</testsuite> <!-- com.Test_Driven_Devlopment.Grouping_Concept -->
