<?xml version="1.0" encoding="UTF-8"?>
<!-- Generated by org.testng.reporters.JUnitReportReporter -->
<testsuite skipped="0" hostname="DESKTOP-2VJ4R1V" name="com.Test_Driven_Devlopment.Parameterized_Test2" tests="1" failures="0" timestamp="2021-11-27T18:20:29 IST" time="0.032" errors="0">
  <testcase name="m1" time="0.032" classname="com.Test_Driven_Devlopment.Parameterized_Test2"/>
  <system-out/>
</testsuite> <!-- com.Test_Driven_Devlopment.Parameterized_Test2 -->
