<?xml version="1.0" encoding="UTF-8"?>
<!-- Generated by org.testng.reporters.JUnitReportReporter -->
<testsuite skipped="0" hostname="DESKTOP-2VJ4R1V" name="com.Test_Driven_Devlopment.Priority_Concept" tests="4" failures="0" timestamp="2021-11-26T19:32:59 IST" time="0.016" errors="0">
  <testcase name="setProperty" time="0.016" classname="com.Test_Driven_Devlopment.Priority_Concept"/>
  <system-out/>
  <testcase name="getUrl" time="0.000" classname="com.Test_Driven_Devlopment.Priority_Concept"/>
  <system-out/>
  <testcase name="browserLaunch" time="0.000" classname="com.Test_Driven_Devlopment.Priority_Concept"/>
  <system-out/>
  <testcase name="women" time="0.000" classname="com.Test_Driven_Devlopment.Priority_Concept"/>
  <system-out/>
</testsuite> <!-- com.Test_Driven_Devlopment.Priority_Concept -->
