<?xml version="1.0" encoding="UTF-8"?>
<!-- Generated by org.testng.reporters.JUnitReportReporter -->
<testsuite skipped="1" hostname="DESKTOP-2VJ4R1V" name="com.Test_Driven_Devlopment.Ignore_Concept" tests="4" failures="0" timestamp="2021-11-26T19:17:41 IST" time="0.046" errors="0">
  <testcase name="men" time="0.015" classname="com.Test_Driven_Devlopment.Ignore_Concept"/>
  <system-out/>
  <testcase name="women" time="0.015" classname="com.Test_Driven_Devlopment.Ignore_Concept"/>
  <system-out/>
  <testcase name="tShirt" time="0.016" classname="com.Test_Driven_Devlopment.Ignore_Concept"/>
  <system-out/>
  <testcase name="kids" classname="com.Test_Driven_Devlopment.Ignore_Concept">
    <skipped/>
  </testcase> <!-- kids -->
  <system-out/>
</testsuite> <!-- com.Test_Driven_Devlopment.Ignore_Concept -->
