<?xml version="1.0" encoding="UTF-8"?>
<!-- Generated by org.testng.reporters.JUnitReportReporter -->
<testsuite skipped="0" hostname="DESKTOP-2VJ4R1V" name="com.JsonParser.Json_Parser" tests="1" failures="0" timestamp="2021-12-06T20:48:22 IST" time="0.031" errors="0">
  <testcase name="read_File" time="0.031" classname="com.JsonParser.Json_Parser"/>
  <system-out/>
</testsuite> <!-- com.JsonParser.Json_Parser -->
