<?xml version="1.0" encoding="UTF-8"?>
<!-- Generated by org.testng.reporters.JUnitReportReporter -->
<testsuite skipped="0" hostname="DESKTOP-2VJ4R1V" name="com.Test_Driven_Devlopment.Soft_Assert" tests="2" failures="0" timestamp="2021-11-27T17:22:25 IST" time="0.100" errors="0">
  <testcase name="method2" time="0.012" classname="com.Test_Driven_Devlopment.Soft_Assert"/>
  <system-out/>
  <testcase name="method1" time="0.088" classname="com.Test_Driven_Devlopment.Soft_Assert"/>
  <system-out/>
</testsuite> <!-- com.Test_Driven_Devlopment.Soft_Assert -->
