<?xml version="1.0" encoding="UTF-8"?>
<!-- Generated by org.testng.reporters.JUnitReportReporter -->
<testsuite skipped="0" hostname="DESKTOP-2VJ4R1V" name="com.Test_Driven_Devlopment.Simple_Annotations" tests="3" failures="0" timestamp="2021-12-05T22:52:09 IST" time="0.035" errors="0">
  <testcase name="men" time="0.030" classname="com.Test_Driven_Devlopment.Simple_Annotations"/>
  <system-out/>
  <testcase name="tShirt" time="0.004" classname="com.Test_Driven_Devlopment.Simple_Annotations"/>
  <system-out/>
  <testcase name="women" time="0.001" classname="com.Test_Driven_Devlopment.Simple_Annotations"/>
  <system-out/>
</testsuite> <!-- com.Test_Driven_Devlopment.Simple_Annotations -->
