<?xml version="1.0" encoding="UTF-8"?>
<!-- Generated by org.testng.reporters.JUnitReportReporter -->
<testsuite skipped="0" hostname="DESKTOP-2VJ4R1V" name="com.Test_Driven_Devlopment.Parallel_Testing_concept" tests="3" failures="0" timestamp="2021-11-27T19:24:39 IST" time="128.909" errors="0">
  <testcase name="url1" time="46.470" classname="com.Test_Driven_Devlopment.Parallel_Testing_concept"/>
  <system-out/>
  <testcase name="url2" time="42.967" classname="com.Test_Driven_Devlopment.Parallel_Testing_concept"/>
  <system-out/>
  <testcase name="url" time="39.472" classname="com.Test_Driven_Devlopment.Parallel_Testing_concept"/>
  <system-out/>
</testsuite> <!-- com.Test_Driven_Devlopment.Parallel_Testing_concept -->
