<?xml version="1.0" encoding="UTF-8"?>
<!-- Generated by org.testng.reporters.JUnitReportReporter -->
<testsuite skipped="0" hostname="DESKTOP-2VJ4R1V" name="com.Test_Driven_Devlopment.Data_Provider_Concept" tests="3" failures="0" timestamp="2021-11-27T18:59:27 IST" time="0.016" errors="0">
  <testcase name="credentials" time="0.000" classname="com.Test_Driven_Devlopment.Data_Provider_Concept"/>
  <system-out/>
  <testcase name="credentials" time="0.000" classname="com.Test_Driven_Devlopment.Data_Provider_Concept"/>
  <system-out/>
  <testcase name="credentials" time="0.016" classname="com.Test_Driven_Devlopment.Data_Provider_Concept"/>
  <system-out/>
</testsuite> <!-- com.Test_Driven_Devlopment.Data_Provider_Concept -->
