<?xml version="1.0" encoding="UTF-8"?>
<!-- Generated by org.testng.reporters.JUnitReportReporter -->
<testsuite skipped="0" hostname="DESKTOP-2VJ4R1V" name="com.testNG_Project.Automation_Project" tests="8" failures="0" timestamp="2021-11-25T18:26:43 IST" time="127.229" errors="0">
  <testcase name="signIn" time="38.539" classname="com.testNG_Project.Automation_Project"/>
  <system-out/>
  <testcase name="dress_Type" time="12.996" classname="com.testNG_Project.Automation_Project"/>
  <system-out/>
  <testcase name="select_Dress" time="18.727" classname="com.testNG_Project.Automation_Project"/>
  <system-out/>
  <testcase name="select_Quantity" time="9.988" classname="com.testNG_Project.Automation_Project"/>
  <system-out/>
  <testcase name="check_Address" time="9.985" classname="com.testNG_Project.Automation_Project"/>
  <system-out/>
  <testcase name="accept_Aggrement" time="11.001" classname="com.testNG_Project.Automation_Project"/>
  <system-out/>
  <testcase name="payment_Process" time="8.722" classname="com.testNG_Project.Automation_Project"/>
  <system-out/>
  <testcase name="confirm_Order" time="17.271" classname="com.testNG_Project.Automation_Project"/>
  <system-out/>
</testsuite> <!-- com.testNG_Project.Automation_Project -->
