<?xml version="1.0" encoding="UTF-8"?>
<!-- Generated by org.testng.reporters.JUnitReportReporter -->
<testsuite skipped="0" hostname="DESKTOP-2VJ4R1V" name="com.Test_Driven_Devlopment.Invocation_Count_Concept" tests="5" failures="0" timestamp="2021-11-26T19:42:29 IST" time="0.016" errors="0">
  <testcase name="refresh" time="0.000" classname="com.Test_Driven_Devlopment.Invocation_Count_Concept"/>
  <system-out/>
  <testcase name="women" time="0.000" classname="com.Test_Driven_Devlopment.Invocation_Count_Concept"/>
  <system-out/>
  <testcase name="URL" time="0.016" classname="com.Test_Driven_Devlopment.Invocation_Count_Concept"/>
  <system-out/>
  <testcase name="refresh" time="0.000" classname="com.Test_Driven_Devlopment.Invocation_Count_Concept"/>
  <system-out/>
  <testcase name="refresh" time="0.000" classname="com.Test_Driven_Devlopment.Invocation_Count_Concept"/>
  <system-out/>
</testsuite> <!-- com.Test_Driven_Devlopment.Invocation_Count_Concept -->
